<?xml version="1.0" encoding="UTF-8"?>
<!-- Generated by org.testng.reporters.JUnitReportReporter -->
<testsuite hostname="DESKTOP-KE25AAU" failures="0" tests="2" name="abc.JavaTodo" time="35.827" errors="0" timestamp="2023-02-28T12:23:22 IST" skipped="0">
  <testcase classname="abc.JavaTodo" name="testWin10" time="18.298"/>
  <system-out/>
  <testcase classname="abc.JavaTodo" name="testWin11" time="17.529"/>
  <system-out/>
</testsuite> <!-- abc.JavaTodo -->
