<?xml version="1.0" encoding="UTF-8"?>
<!-- Generated by org.testng.reporters.JUnitReportReporter -->
<testsuite hostname="DESKTOP-84DKASJ" failures="0" tests="2" name="abc.JavaTodo" time="36.388" errors="0" timestamp="2023-02-27T10:44:43 IST" skipped="0">
  <testcase classname="abc.JavaTodo" name="testWin11" time="18.880"/>
  <system-out/>
  <testcase classname="abc.JavaTodo" name="testWin10" time="17.508"/>
  <system-out/>
</testsuite> <!-- abc.JavaTodo -->
